<?xml version="1.0" encoding="UTF-8"?>
<testsuite xmlns:xsi="http://www.w3.org/2001/XMLSchema-instance" xsi:noNamespaceSchemaLocation="https://maven.apache.org/surefire/maven-surefire-plugin/xsd/surefire-test-report.xsd" name="mx.tec.lab.UsingMocksApplicationTests" time="2.012" tests="4" errors="0" skipped="0" failures="0">
  <properties>
[...]
</properties>
  <testcase name="whenUseSpyAnnotation_thenSpyIsInjected" classname="mx.tec.lab.UsingMocksApplicationTests" time="0.059"/>
  <testcase name="whenUseInjectMocksAnnotation_thenCorrect" classname="mx.tec.lab.UsingMocksApplicationTests" time="0.009"/>
  <testcase name="whenUseCaptorAnnotation_thenTheSame" classname="mx.tec.lab.UsingMocksApplicationTests" time="0.005"/>
  <testcase name="whenUseMockAnnotation_thenMockIsInjected" classname="mx.tec.lab.UsingMocksApplicationTests" time="0.006"/>
</testsuite>